<?xml version="1.0" encoding="UTF-8"?>
<testng-results skipped="0" failed="0" ignored="0" total="1" passed="1">
  <reporter-output>
  </reporter-output>
  <suite name="Default suite" duration-ms="12055" started-at="2019-06-17T03:52:16Z" finished-at="2019-06-17T03:52:28Z">
    <groups>
    </groups>
    <test name="Default test" duration-ms="12055" started-at="2019-06-17T03:52:16Z" finished-at="2019-06-17T03:52:28Z">
      <class name="testproject.ECommerceTestPageAmartha">
        <test-method status="PASS" signature="setUpTest()[pri:0, instance:testproject.ECommerceTestPageAmartha@ae45eb6]" name="setUpTest" is-config="true" duration-ms="3646" started-at="2019-06-17T03:52:16Z" finished-at="2019-06-17T03:52:20Z">
          <reporter-output>
          </reporter-output>
        </test-method> <!-- setUpTest -->
        <test-method status="PASS" signature="loginTest()[pri:0, instance:testproject.ECommerceTestPageAmartha@ae45eb6]" name="loginTest" duration-ms="8377" started-at="2019-06-17T03:52:20Z" finished-at="2019-06-17T03:52:28Z">
          <reporter-output>
          </reporter-output>
        </test-method> <!-- loginTest -->
        <test-method status="PASS" signature="AfterTestLogin()[pri:0, instance:testproject.ECommerceTestPageAmartha@ae45eb6]" name="AfterTestLogin" is-config="true" duration-ms="0" started-at="2019-06-17T03:52:28Z" finished-at="2019-06-17T03:52:28Z">
          <reporter-output>
          </reporter-output>
        </test-method> <!-- AfterTestLogin -->
      </class> <!-- testproject.ECommerceTestPageAmartha -->
    </test> <!-- Default test -->
  </suite> <!-- Default suite -->
</testng-results>
